  Source.cpp
\\vmware-host\shared folders\desktop\cs585\hw3\project3\project3\source.cpp(117): warning C4244: 'argument': conversion from 'double' to '_Tp', possible loss of data
          with
          [
              _Tp=int
          ]
\\vmware-host\shared folders\desktop\cs585\hw3\project3\project3\source.cpp(118): warning C4244: 'argument': conversion from 'double' to '_Tp', possible loss of data
          with
          [
              _Tp=int
          ]
\\vmware-host\shared folders\desktop\cs585\hw3\project3\project3\source.cpp(119): warning C4244: 'argument': conversion from 'double' to '_Tp', possible loss of data
          with
          [
              _Tp=int
          ]
\\vmware-host\shared folders\desktop\cs585\hw3\project3\project3\source.cpp(120): warning C4244: 'argument': conversion from 'double' to '_Tp', possible loss of data
          with
          [
              _Tp=int
          ]
\\vmware-host\shared folders\desktop\cs585\hw3\project3\project3\source.cpp(205): warning C4305: 'initializing': truncation from 'int' to 'char'
\\vmware-host\shared folders\desktop\cs585\hw3\project3\project3\source.cpp(205): warning C4309: 'initializing': truncation of constant value
  Project3.vcxproj -> \\vmware-host\Shared Folders\Desktop\CS585\hw3\Project3\x64\Debug\Project3.exe
